2021-04-25 10:26:46.591  INFO 15099 --- [restartedMain] com.spiet.sendmail.SendmailApplication   : Starting SendmailApplication using Java 11.0.10 on pedroPC with PID 15099 (/home/pedro/Documents/workspace-spring-tool-suite-4-4.8.1.RELEASE/sendmail/target/classes started by pedro in /home/pedro/Documents/workspace-spring-tool-suite-4-4.8.1.RELEASE/sendmail)
2021-04-25 10:26:46.601  INFO 15099 --- [restartedMain] com.spiet.sendmail.SendmailApplication   : No active profile set, falling back to default profiles: default
2021-04-25 10:26:46.695  INFO 15099 --- [restartedMain] .e.DevToolsPropertyDefaultsPostProcessor : Devtools property defaults active! Set 'spring.devtools.add-properties' to 'false' to disable
2021-04-25 10:26:46.696  INFO 15099 --- [restartedMain] .e.DevToolsPropertyDefaultsPostProcessor : For additional web related logging consider setting the 'logging.level.web' property to 'DEBUG'
2021-04-25 10:26:48.727  INFO 15099 --- [restartedMain] .s.d.r.c.RepositoryConfigurationDelegate : Bootstrapping Spring Data JPA repositories in DEFAULT mode.
2021-04-25 10:26:48.804  INFO 15099 --- [restartedMain] .s.d.r.c.RepositoryConfigurationDelegate : Finished Spring Data repository scanning in 56 ms. Found 1 JPA repository interfaces.
2021-04-25 10:26:49.732  INFO 15099 --- [restartedMain] o.s.b.w.embedded.tomcat.TomcatWebServer  : Tomcat initialized with port(s): 8080 (http)
2021-04-25 10:26:49.740  INFO 15099 --- [restartedMain] o.apache.catalina.core.StandardService   : Starting service [Tomcat]
2021-04-25 10:26:49.740  INFO 15099 --- [restartedMain] org.apache.catalina.core.StandardEngine  : Starting Servlet engine: [Apache Tomcat/9.0.45]
2021-04-25 10:26:49.821  INFO 15099 --- [restartedMain] o.a.c.c.C.[Tomcat].[localhost].[/]       : Initializing Spring embedded WebApplicationContext
2021-04-25 10:26:49.821  INFO 15099 --- [restartedMain] w.s.c.ServletWebServerApplicationContext : Root WebApplicationContext: initialization completed in 3111 ms
2021-04-25 10:26:50.074  INFO 15099 --- [restartedMain] com.zaxxer.hikari.HikariDataSource       : HikariPool-1 - Starting...
2021-04-25 10:26:50.229  INFO 15099 --- [restartedMain] com.zaxxer.hikari.HikariDataSource       : HikariPool-1 - Start completed.
2021-04-25 10:26:50.233  INFO 15099 --- [restartedMain] o.s.b.a.h2.H2ConsoleAutoConfiguration    : H2 console available at '/h2-console'. Database available at 'jdbc:h2:mem:27a18cb4-a667-4f47-a4fe-8ab84b4a780f'
2021-04-25 10:26:50.295  INFO 15099 --- [restartedMain] o.s.b.a.e.web.ServletEndpointRegistrar   : Registered '/actuator/jolokia' to jolokia-actuator-endpoint
2021-04-25 10:26:50.567  INFO 15099 --- [restartedMain] o.hibernate.jpa.internal.util.LogHelper  : HHH000204: Processing PersistenceUnitInfo [name: default]
2021-04-25 10:26:50.676  INFO 15099 --- [restartedMain] org.hibernate.Version                    : HHH000412: Hibernate ORM core version 5.4.30.Final
2021-04-25 10:26:50.907  INFO 15099 --- [restartedMain] o.hibernate.annotations.common.Version   : HCANN000001: Hibernate Commons Annotations {5.1.2.Final}
2021-04-25 10:26:51.014  INFO 15099 --- [restartedMain] org.hibernate.dialect.Dialect            : HHH000400: Using dialect: org.hibernate.dialect.H2Dialect
2021-04-25 10:26:51.924  INFO 15099 --- [restartedMain] o.h.e.t.j.p.i.JtaPlatformInitiator       : HHH000490: Using JtaPlatform implementation: [org.hibernate.engine.transaction.jta.platform.internal.NoJtaPlatform]
2021-04-25 10:26:51.931  INFO 15099 --- [restartedMain] j.LocalContainerEntityManagerFactoryBean : Initialized JPA EntityManagerFactory for persistence unit 'default'
2021-04-25 10:26:51.999  INFO 15099 --- [restartedMain] o.s.b.d.a.OptionalLiveReloadServer       : LiveReload server is running on port 35729
2021-04-25 10:26:52.581  WARN 15099 --- [restartedMain] JpaBaseConfiguration$JpaWebConfiguration : spring.jpa.open-in-view is enabled by default. Therefore, database queries may be performed during view rendering. Explicitly configure spring.jpa.open-in-view to disable this warning
2021-04-25 10:26:52.826  INFO 15099 --- [restartedMain] o.s.b.a.e.web.EndpointLinksResolver      : Exposing 15 endpoint(s) beneath base path '/actuator'
2021-04-25 10:26:52.981  INFO 15099 --- [restartedMain] o.s.s.concurrent.ThreadPoolTaskExecutor  : Initializing ExecutorService 'applicationTaskExecutor'
2021-04-25 10:26:53.236  INFO 15099 --- [restartedMain] o.s.s.c.ThreadPoolTaskScheduler          : Initializing ExecutorService 'taskScheduler'
2021-04-25 10:26:53.335  INFO 15099 --- [restartedMain] o.s.b.w.embedded.tomcat.TomcatWebServer  : Tomcat started on port(s): 8080 (http) with context path ''
2021-04-25 10:26:53.336  INFO 15099 --- [restartedMain] d.s.w.p.DocumentationPluginsBootstrapper : Context refreshed
2021-04-25 10:26:53.373  INFO 15099 --- [restartedMain] d.s.w.p.DocumentationPluginsBootstrapper : Found 1 custom documentation plugin(s)
2021-04-25 10:26:53.383  INFO 15099 --- [restartedMain] s.d.s.w.s.ApiListingReferenceScanner     : Scanning for api listing references
2021-04-25 10:26:53.628  INFO 15099 --- [restartedMain] com.spiet.sendmail.SendmailApplication   : Started SendmailApplication in 8.721 seconds (JVM running for 10.676)
2021-04-25 10:26:58.547  INFO 15099 --- [http-nio-8080-exec-1] o.a.c.c.C.[Tomcat].[localhost].[/]       : Initializing Spring DispatcherServlet 'dispatcherServlet'
2021-04-25 10:26:58.548  INFO 15099 --- [http-nio-8080-exec-1] o.s.web.servlet.DispatcherServlet        : Initializing Servlet 'dispatcherServlet'
2021-04-25 10:26:58.551  INFO 15099 --- [http-nio-8080-exec-1] o.s.web.servlet.DispatcherServlet        : Completed initialization in 2 ms
2021-04-25 10:28:43.871  INFO 15099 --- [SpringContextShutdownHook] o.s.s.c.ThreadPoolTaskScheduler          : Shutting down ExecutorService 'taskScheduler'
2021-04-25 10:28:43.872  INFO 15099 --- [SpringContextShutdownHook] o.s.s.concurrent.ThreadPoolTaskExecutor  : Shutting down ExecutorService 'applicationTaskExecutor'
2021-04-25 10:28:43.874  INFO 15099 --- [SpringContextShutdownHook] j.LocalContainerEntityManagerFactoryBean : Closing JPA EntityManagerFactory for persistence unit 'default'
2021-04-25 10:28:43.875  INFO 15099 --- [SpringContextShutdownHook] .SchemaDropperImpl$DelayedDropActionImpl : HHH000477: Starting delayed evictData of schema as part of SessionFactory shut-down'
2021-04-25 10:28:44.091  WARN 15099 --- [SpringContextShutdownHook] o.s.b.f.support.DisposableBeanAdapter    : Invocation of destroy method failed on bean with name 'inMemoryDatabaseShutdownExecutor': org.h2.jdbc.JdbcSQLNonTransientConnectionException: Database is already closed (to disable automatic closing at VM shutdown, add ";DB_CLOSE_ON_EXIT=FALSE" to the db URL) [90121-200]
2021-04-25 10:28:44.095  INFO 15099 --- [SpringContextShutdownHook] com.zaxxer.hikari.HikariDataSource       : HikariPool-1 - Shutdown initiated...
2021-04-25 10:28:44.102  INFO 15099 --- [SpringContextShutdownHook] com.zaxxer.hikari.HikariDataSource       : HikariPool-1 - Shutdown completed.
2021-04-25 10:35:28.050  INFO 15791 --- [restartedMain] com.spiet.sendmail.SendmailApplication   : Starting SendmailApplication using Java 11.0.10 on pedroPC with PID 15791 (/home/pedro/Documents/workspace-spring-tool-suite-4-4.8.1.RELEASE/sendmail/target/classes started by pedro in /home/pedro/Documents/workspace-spring-tool-suite-4-4.8.1.RELEASE/sendmail)
2021-04-25 10:35:28.053  INFO 15791 --- [restartedMain] com.spiet.sendmail.SendmailApplication   : No active profile set, falling back to default profiles: default
2021-04-25 10:35:28.140  INFO 15791 --- [restartedMain] .e.DevToolsPropertyDefaultsPostProcessor : Devtools property defaults active! Set 'spring.devtools.add-properties' to 'false' to disable
2021-04-25 10:35:28.140  INFO 15791 --- [restartedMain] .e.DevToolsPropertyDefaultsPostProcessor : For additional web related logging consider setting the 'logging.level.web' property to 'DEBUG'
2021-04-25 10:35:29.352  INFO 15791 --- [restartedMain] .s.d.r.c.RepositoryConfigurationDelegate : Bootstrapping Spring Data JPA repositories in DEFAULT mode.
2021-04-25 10:35:29.387  INFO 15791 --- [restartedMain] .s.d.r.c.RepositoryConfigurationDelegate : Finished Spring Data repository scanning in 29 ms. Found 1 JPA repository interfaces.
2021-04-25 10:35:29.938  INFO 15791 --- [restartedMain] o.s.b.w.embedded.tomcat.TomcatWebServer  : Tomcat initialized with port(s): 8080 (http)
2021-04-25 10:35:29.946  INFO 15791 --- [restartedMain] o.apache.catalina.core.StandardService   : Starting service [Tomcat]
2021-04-25 10:35:29.947  INFO 15791 --- [restartedMain] org.apache.catalina.core.StandardEngine  : Starting Servlet engine: [Apache Tomcat/9.0.45]
2021-04-25 10:35:30.004  INFO 15791 --- [restartedMain] o.a.c.c.C.[Tomcat].[localhost].[/]       : Initializing Spring embedded WebApplicationContext
2021-04-25 10:35:30.004  INFO 15791 --- [restartedMain] w.s.c.ServletWebServerApplicationContext : Root WebApplicationContext: initialization completed in 1863 ms
2021-04-25 10:35:30.092  INFO 15791 --- [restartedMain] com.zaxxer.hikari.HikariDataSource       : HikariPool-1 - Starting...
2021-04-25 10:35:30.167  INFO 15791 --- [restartedMain] com.zaxxer.hikari.HikariDataSource       : HikariPool-1 - Start completed.
2021-04-25 10:35:30.172  INFO 15791 --- [restartedMain] o.s.b.a.h2.H2ConsoleAutoConfiguration    : H2 console available at '/h2-console'. Database available at 'jdbc:h2:mem:1469b039-047d-4083-961b-b254dcf6a443'
2021-04-25 10:35:30.227  INFO 15791 --- [restartedMain] o.s.b.a.e.web.ServletEndpointRegistrar   : Registered '/actuator/jolokia' to jolokia-actuator-endpoint
2021-04-25 10:35:30.308  INFO 15791 --- [restartedMain] o.hibernate.jpa.internal.util.LogHelper  : HHH000204: Processing PersistenceUnitInfo [name: default]
2021-04-25 10:35:30.336  INFO 15791 --- [restartedMain] org.hibernate.Version                    : HHH000412: Hibernate ORM core version 5.4.30.Final
2021-04-25 10:35:30.441  INFO 15791 --- [restartedMain] o.hibernate.annotations.common.Version   : HCANN000001: Hibernate Commons Annotations {5.1.2.Final}
2021-04-25 10:35:30.505  INFO 15791 --- [restartedMain] org.hibernate.dialect.Dialect            : HHH000400: Using dialect: org.hibernate.dialect.H2Dialect
2021-04-25 10:35:30.819  INFO 15791 --- [restartedMain] o.h.e.t.j.p.i.JtaPlatformInitiator       : HHH000490: Using JtaPlatform implementation: [org.hibernate.engine.transaction.jta.platform.internal.NoJtaPlatform]
2021-04-25 10:35:30.825  INFO 15791 --- [restartedMain] j.LocalContainerEntityManagerFactoryBean : Initialized JPA EntityManagerFactory for persistence unit 'default'
2021-04-25 10:35:30.853  INFO 15791 --- [restartedMain] o.s.b.d.a.OptionalLiveReloadServer       : LiveReload server is running on port 35729
2021-04-25 10:35:31.069  WARN 15791 --- [restartedMain] ConfigServletWebServerApplicationContext : Exception encountered during context initialization - cancelling refresh attempt: org.springframework.beans.factory.UnsatisfiedDependencyException: Error creating bean with name 'userController' defined in file [/home/pedro/Documents/workspace-spring-tool-suite-4-4.8.1.RELEASE/sendmail/target/classes/com/spiet/sendmail/resources/UserController.class]: Unsatisfied dependency expressed through constructor parameter 2; nested exception is org.springframework.beans.factory.NoSuchBeanDefinitionException: No qualifying bean of type 'java.util.logging.Logger' available: expected at least 1 bean which qualifies as autowire candidate. Dependency annotations: {}
2021-04-25 10:35:31.069  INFO 15791 --- [restartedMain] j.LocalContainerEntityManagerFactoryBean : Closing JPA EntityManagerFactory for persistence unit 'default'
2021-04-25 10:35:31.070  INFO 15791 --- [restartedMain] .SchemaDropperImpl$DelayedDropActionImpl : HHH000477: Starting delayed evictData of schema as part of SessionFactory shut-down'
2021-04-25 10:35:31.290  WARN 15791 --- [restartedMain] o.s.b.f.support.DisposableBeanAdapter    : Invocation of destroy method failed on bean with name 'inMemoryDatabaseShutdownExecutor': org.h2.jdbc.JdbcSQLNonTransientConnectionException: Database is already closed (to disable automatic closing at VM shutdown, add ";DB_CLOSE_ON_EXIT=FALSE" to the db URL) [90121-200]
2021-04-25 10:35:31.293  INFO 15791 --- [restartedMain] com.zaxxer.hikari.HikariDataSource       : HikariPool-1 - Shutdown initiated...
2021-04-25 10:35:31.308  INFO 15791 --- [restartedMain] com.zaxxer.hikari.HikariDataSource       : HikariPool-1 - Shutdown completed.
2021-04-25 10:35:31.311  INFO 15791 --- [restartedMain] o.apache.catalina.core.StandardService   : Stopping service [Tomcat]
2021-04-25 10:35:31.327  INFO 15791 --- [restartedMain] ConditionEvaluationReportLoggingListener : 

Error starting ApplicationContext. To display the conditions report re-run your application with 'debug' enabled.
2021-04-25 10:35:31.395 ERROR 15791 --- [restartedMain] o.s.b.d.LoggingFailureAnalysisReporter   : 

***************************
APPLICATION FAILED TO START
***************************

Description:

Parameter 2 of constructor in com.spiet.sendmail.resources.UserController required a bean of type 'java.util.logging.Logger' that could not be found.


Action:

Consider defining a bean of type 'java.util.logging.Logger' in your configuration.

2021-04-25 10:35:44.205  INFO 15885 --- [restartedMain] com.spiet.sendmail.SendmailApplication   : Starting SendmailApplication using Java 11.0.10 on pedroPC with PID 15885 (/home/pedro/Documents/workspace-spring-tool-suite-4-4.8.1.RELEASE/sendmail/target/classes started by pedro in /home/pedro/Documents/workspace-spring-tool-suite-4-4.8.1.RELEASE/sendmail)
2021-04-25 10:35:44.208  INFO 15885 --- [restartedMain] com.spiet.sendmail.SendmailApplication   : No active profile set, falling back to default profiles: default
2021-04-25 10:35:44.302  INFO 15885 --- [restartedMain] .e.DevToolsPropertyDefaultsPostProcessor : Devtools property defaults active! Set 'spring.devtools.add-properties' to 'false' to disable
2021-04-25 10:35:44.304  INFO 15885 --- [restartedMain] .e.DevToolsPropertyDefaultsPostProcessor : For additional web related logging consider setting the 'logging.level.web' property to 'DEBUG'
2021-04-25 10:35:45.636  INFO 15885 --- [restartedMain] .s.d.r.c.RepositoryConfigurationDelegate : Bootstrapping Spring Data JPA repositories in DEFAULT mode.
2021-04-25 10:35:45.672  INFO 15885 --- [restartedMain] .s.d.r.c.RepositoryConfigurationDelegate : Finished Spring Data repository scanning in 30 ms. Found 1 JPA repository interfaces.
2021-04-25 10:35:46.104  INFO 15885 --- [restartedMain] o.s.b.w.embedded.tomcat.TomcatWebServer  : Tomcat initialized with port(s): 8080 (http)
2021-04-25 10:35:46.110  INFO 15885 --- [restartedMain] o.apache.catalina.core.StandardService   : Starting service [Tomcat]
2021-04-25 10:35:46.110  INFO 15885 --- [restartedMain] org.apache.catalina.core.StandardEngine  : Starting Servlet engine: [Apache Tomcat/9.0.45]
2021-04-25 10:35:46.228  INFO 15885 --- [restartedMain] o.a.c.c.C.[Tomcat].[localhost].[/]       : Initializing Spring embedded WebApplicationContext
2021-04-25 10:35:46.228  INFO 15885 --- [restartedMain] w.s.c.ServletWebServerApplicationContext : Root WebApplicationContext: initialization completed in 1922 ms
2021-04-25 10:35:46.322  INFO 15885 --- [restartedMain] com.zaxxer.hikari.HikariDataSource       : HikariPool-1 - Starting...
2021-04-25 10:35:46.396  INFO 15885 --- [restartedMain] com.zaxxer.hikari.HikariDataSource       : HikariPool-1 - Start completed.
2021-04-25 10:35:46.400  INFO 15885 --- [restartedMain] o.s.b.a.h2.H2ConsoleAutoConfiguration    : H2 console available at '/h2-console'. Database available at 'jdbc:h2:mem:c74e56a0-9e80-40dd-b100-e5e92f4450ee'
2021-04-25 10:35:46.458  INFO 15885 --- [restartedMain] o.s.b.a.e.web.ServletEndpointRegistrar   : Registered '/actuator/jolokia' to jolokia-actuator-endpoint
2021-04-25 10:35:46.558  INFO 15885 --- [restartedMain] o.hibernate.jpa.internal.util.LogHelper  : HHH000204: Processing PersistenceUnitInfo [name: default]
2021-04-25 10:35:46.583  INFO 15885 --- [restartedMain] org.hibernate.Version                    : HHH000412: Hibernate ORM core version 5.4.30.Final
2021-04-25 10:35:46.675  INFO 15885 --- [restartedMain] o.hibernate.annotations.common.Version   : HCANN000001: Hibernate Commons Annotations {5.1.2.Final}
2021-04-25 10:35:46.739  INFO 15885 --- [restartedMain] org.hibernate.dialect.Dialect            : HHH000400: Using dialect: org.hibernate.dialect.H2Dialect
2021-04-25 10:35:47.052  INFO 15885 --- [restartedMain] o.h.e.t.j.p.i.JtaPlatformInitiator       : HHH000490: Using JtaPlatform implementation: [org.hibernate.engine.transaction.jta.platform.internal.NoJtaPlatform]
2021-04-25 10:35:47.057  INFO 15885 --- [restartedMain] j.LocalContainerEntityManagerFactoryBean : Initialized JPA EntityManagerFactory for persistence unit 'default'
2021-04-25 10:35:47.085  INFO 15885 --- [restartedMain] o.s.b.d.a.OptionalLiveReloadServer       : LiveReload server is running on port 35729
2021-04-25 10:35:47.273  WARN 15885 --- [restartedMain] ConfigServletWebServerApplicationContext : Exception encountered during context initialization - cancelling refresh attempt: org.springframework.beans.factory.UnsatisfiedDependencyException: Error creating bean with name 'userController' defined in file [/home/pedro/Documents/workspace-spring-tool-suite-4-4.8.1.RELEASE/sendmail/target/classes/com/spiet/sendmail/resources/UserController.class]: Unsatisfied dependency expressed through constructor parameter 2; nested exception is org.springframework.beans.factory.NoSuchBeanDefinitionException: No qualifying bean of type 'java.util.logging.Logger' available: expected at least 1 bean which qualifies as autowire candidate. Dependency annotations: {}
2021-04-25 10:35:47.273  INFO 15885 --- [restartedMain] j.LocalContainerEntityManagerFactoryBean : Closing JPA EntityManagerFactory for persistence unit 'default'
2021-04-25 10:35:47.274  INFO 15885 --- [restartedMain] .SchemaDropperImpl$DelayedDropActionImpl : HHH000477: Starting delayed evictData of schema as part of SessionFactory shut-down'
2021-04-25 10:35:47.489  WARN 15885 --- [restartedMain] o.s.b.f.support.DisposableBeanAdapter    : Invocation of destroy method failed on bean with name 'inMemoryDatabaseShutdownExecutor': org.h2.jdbc.JdbcSQLNonTransientConnectionException: Database is already closed (to disable automatic closing at VM shutdown, add ";DB_CLOSE_ON_EXIT=FALSE" to the db URL) [90121-200]
2021-04-25 10:35:47.491  INFO 15885 --- [restartedMain] com.zaxxer.hikari.HikariDataSource       : HikariPool-1 - Shutdown initiated...
2021-04-25 10:35:47.508  INFO 15885 --- [restartedMain] com.zaxxer.hikari.HikariDataSource       : HikariPool-1 - Shutdown completed.
2021-04-25 10:35:47.512  INFO 15885 --- [restartedMain] o.apache.catalina.core.StandardService   : Stopping service [Tomcat]
2021-04-25 10:35:47.529  INFO 15885 --- [restartedMain] ConditionEvaluationReportLoggingListener : 

Error starting ApplicationContext. To display the conditions report re-run your application with 'debug' enabled.
2021-04-25 10:35:47.545 ERROR 15885 --- [restartedMain] o.s.b.d.LoggingFailureAnalysisReporter   : 

***************************
APPLICATION FAILED TO START
***************************

Description:

Parameter 2 of constructor in com.spiet.sendmail.resources.UserController required a bean of type 'java.util.logging.Logger' that could not be found.


Action:

Consider defining a bean of type 'java.util.logging.Logger' in your configuration.

2021-04-25 10:36:11.889  INFO 15995 --- [restartedMain] com.spiet.sendmail.SendmailApplication   : Starting SendmailApplication using Java 11.0.10 on pedroPC with PID 15995 (/home/pedro/Documents/workspace-spring-tool-suite-4-4.8.1.RELEASE/sendmail/target/classes started by pedro in /home/pedro/Documents/workspace-spring-tool-suite-4-4.8.1.RELEASE/sendmail)
2021-04-25 10:36:11.900  INFO 15995 --- [restartedMain] com.spiet.sendmail.SendmailApplication   : No active profile set, falling back to default profiles: default
2021-04-25 10:36:12.013  INFO 15995 --- [restartedMain] .e.DevToolsPropertyDefaultsPostProcessor : Devtools property defaults active! Set 'spring.devtools.add-properties' to 'false' to disable
2021-04-25 10:36:12.014  INFO 15995 --- [restartedMain] .e.DevToolsPropertyDefaultsPostProcessor : For additional web related logging consider setting the 'logging.level.web' property to 'DEBUG'
2021-04-25 10:36:13.118  INFO 15995 --- [restartedMain] .s.d.r.c.RepositoryConfigurationDelegate : Bootstrapping Spring Data JPA repositories in DEFAULT mode.
2021-04-25 10:36:13.150  INFO 15995 --- [restartedMain] .s.d.r.c.RepositoryConfigurationDelegate : Finished Spring Data repository scanning in 26 ms. Found 1 JPA repository interfaces.
2021-04-25 10:36:13.531  INFO 15995 --- [restartedMain] o.s.b.w.embedded.tomcat.TomcatWebServer  : Tomcat initialized with port(s): 8080 (http)
2021-04-25 10:36:13.537  INFO 15995 --- [restartedMain] o.apache.catalina.core.StandardService   : Starting service [Tomcat]
2021-04-25 10:36:13.538  INFO 15995 --- [restartedMain] org.apache.catalina.core.StandardEngine  : Starting Servlet engine: [Apache Tomcat/9.0.45]
2021-04-25 10:36:13.595  INFO 15995 --- [restartedMain] o.a.c.c.C.[Tomcat].[localhost].[/]       : Initializing Spring embedded WebApplicationContext
2021-04-25 10:36:13.596  INFO 15995 --- [restartedMain] w.s.c.ServletWebServerApplicationContext : Root WebApplicationContext: initialization completed in 1581 ms
2021-04-25 10:36:13.686  INFO 15995 --- [restartedMain] com.zaxxer.hikari.HikariDataSource       : HikariPool-1 - Starting...
2021-04-25 10:36:13.759  INFO 15995 --- [restartedMain] com.zaxxer.hikari.HikariDataSource       : HikariPool-1 - Start completed.
2021-04-25 10:36:13.765  INFO 15995 --- [restartedMain] o.s.b.a.h2.H2ConsoleAutoConfiguration    : H2 console available at '/h2-console'. Database available at 'jdbc:h2:mem:3e4c85dd-7a1f-4061-9fff-8796d0a09b9e'
2021-04-25 10:36:13.832  INFO 15995 --- [restartedMain] o.s.b.a.e.web.ServletEndpointRegistrar   : Registered '/actuator/jolokia' to jolokia-actuator-endpoint
2021-04-25 10:36:13.914  INFO 15995 --- [restartedMain] o.hibernate.jpa.internal.util.LogHelper  : HHH000204: Processing PersistenceUnitInfo [name: default]
2021-04-25 10:36:13.938  INFO 15995 --- [restartedMain] org.hibernate.Version                    : HHH000412: Hibernate ORM core version 5.4.30.Final
2021-04-25 10:36:14.024  INFO 15995 --- [restartedMain] o.hibernate.annotations.common.Version   : HCANN000001: Hibernate Commons Annotations {5.1.2.Final}
2021-04-25 10:36:14.095  INFO 15995 --- [restartedMain] org.hibernate.dialect.Dialect            : HHH000400: Using dialect: org.hibernate.dialect.H2Dialect
2021-04-25 10:36:14.388  INFO 15995 --- [restartedMain] o.h.e.t.j.p.i.JtaPlatformInitiator       : HHH000490: Using JtaPlatform implementation: [org.hibernate.engine.transaction.jta.platform.internal.NoJtaPlatform]
2021-04-25 10:36:14.393  INFO 15995 --- [restartedMain] j.LocalContainerEntityManagerFactoryBean : Initialized JPA EntityManagerFactory for persistence unit 'default'
2021-04-25 10:36:14.419  INFO 15995 --- [restartedMain] o.s.b.d.a.OptionalLiveReloadServer       : LiveReload server is running on port 35729
2021-04-25 10:36:14.612  WARN 15995 --- [restartedMain] ConfigServletWebServerApplicationContext : Exception encountered during context initialization - cancelling refresh attempt: org.springframework.beans.factory.UnsatisfiedDependencyException: Error creating bean with name 'userController': Unsatisfied dependency expressed through field 'logger'; nested exception is org.springframework.beans.factory.NoSuchBeanDefinitionException: No qualifying bean of type 'java.util.logging.Logger' available: expected at least 1 bean which qualifies as autowire candidate. Dependency annotations: {@org.springframework.beans.factory.annotation.Autowired(required=true)}
2021-04-25 10:36:14.613  INFO 15995 --- [restartedMain] j.LocalContainerEntityManagerFactoryBean : Closing JPA EntityManagerFactory for persistence unit 'default'
2021-04-25 10:36:14.613  INFO 15995 --- [restartedMain] .SchemaDropperImpl$DelayedDropActionImpl : HHH000477: Starting delayed evictData of schema as part of SessionFactory shut-down'
2021-04-25 10:36:14.827  WARN 15995 --- [restartedMain] o.s.b.f.support.DisposableBeanAdapter    : Invocation of destroy method failed on bean with name 'inMemoryDatabaseShutdownExecutor': org.h2.jdbc.JdbcSQLNonTransientConnectionException: Database is already closed (to disable automatic closing at VM shutdown, add ";DB_CLOSE_ON_EXIT=FALSE" to the db URL) [90121-200]
2021-04-25 10:36:14.828  INFO 15995 --- [restartedMain] com.zaxxer.hikari.HikariDataSource       : HikariPool-1 - Shutdown initiated...
2021-04-25 10:36:14.842  INFO 15995 --- [restartedMain] com.zaxxer.hikari.HikariDataSource       : HikariPool-1 - Shutdown completed.
2021-04-25 10:36:14.846  INFO 15995 --- [restartedMain] o.apache.catalina.core.StandardService   : Stopping service [Tomcat]
2021-04-25 10:36:14.864  INFO 15995 --- [restartedMain] ConditionEvaluationReportLoggingListener : 

Error starting ApplicationContext. To display the conditions report re-run your application with 'debug' enabled.
2021-04-25 10:36:14.878 ERROR 15995 --- [restartedMain] o.s.b.d.LoggingFailureAnalysisReporter   : 

***************************
APPLICATION FAILED TO START
***************************

Description:

Field logger in com.spiet.sendmail.resources.UserController required a bean of type 'java.util.logging.Logger' that could not be found.

The injection point has the following annotations:
	- @org.springframework.beans.factory.annotation.Autowired(required=true)


Action:

Consider defining a bean of type 'java.util.logging.Logger' in your configuration.

2021-04-25 10:38:16.326  INFO 16213 --- [restartedMain] com.spiet.sendmail.SendmailApplication   : Starting SendmailApplication using Java 11.0.10 on pedroPC with PID 16213 (/home/pedro/Documents/workspace-spring-tool-suite-4-4.8.1.RELEASE/sendmail/target/classes started by pedro in /home/pedro/Documents/workspace-spring-tool-suite-4-4.8.1.RELEASE/sendmail)
2021-04-25 10:38:16.330  INFO 16213 --- [restartedMain] com.spiet.sendmail.SendmailApplication   : No active profile set, falling back to default profiles: default
2021-04-25 10:38:16.409  INFO 16213 --- [restartedMain] .e.DevToolsPropertyDefaultsPostProcessor : Devtools property defaults active! Set 'spring.devtools.add-properties' to 'false' to disable
2021-04-25 10:38:16.410  INFO 16213 --- [restartedMain] .e.DevToolsPropertyDefaultsPostProcessor : For additional web related logging consider setting the 'logging.level.web' property to 'DEBUG'
2021-04-25 10:38:17.483  INFO 16213 --- [restartedMain] .s.d.r.c.RepositoryConfigurationDelegate : Bootstrapping Spring Data JPA repositories in DEFAULT mode.
2021-04-25 10:38:17.517  INFO 16213 --- [restartedMain] .s.d.r.c.RepositoryConfigurationDelegate : Finished Spring Data repository scanning in 28 ms. Found 1 JPA repository interfaces.
2021-04-25 10:38:17.918  INFO 16213 --- [restartedMain] o.s.b.w.embedded.tomcat.TomcatWebServer  : Tomcat initialized with port(s): 8080 (http)
2021-04-25 10:38:17.926  INFO 16213 --- [restartedMain] o.apache.catalina.core.StandardService   : Starting service [Tomcat]
2021-04-25 10:38:17.926  INFO 16213 --- [restartedMain] org.apache.catalina.core.StandardEngine  : Starting Servlet engine: [Apache Tomcat/9.0.45]
2021-04-25 10:38:17.972  INFO 16213 --- [restartedMain] o.a.c.c.C.[Tomcat].[localhost].[/]       : Initializing Spring embedded WebApplicationContext
2021-04-25 10:38:17.973  INFO 16213 --- [restartedMain] w.s.c.ServletWebServerApplicationContext : Root WebApplicationContext: initialization completed in 1562 ms
2021-04-25 10:38:18.059  INFO 16213 --- [restartedMain] com.zaxxer.hikari.HikariDataSource       : HikariPool-1 - Starting...
2021-04-25 10:38:18.134  INFO 16213 --- [restartedMain] com.zaxxer.hikari.HikariDataSource       : HikariPool-1 - Start completed.
2021-04-25 10:38:18.140  INFO 16213 --- [restartedMain] o.s.b.a.h2.H2ConsoleAutoConfiguration    : H2 console available at '/h2-console'. Database available at 'jdbc:h2:mem:a32c9fff-fd1e-4544-8f6c-1d515bf91627'
2021-04-25 10:38:18.212  INFO 16213 --- [restartedMain] o.s.b.a.e.web.ServletEndpointRegistrar   : Registered '/actuator/jolokia' to jolokia-actuator-endpoint
2021-04-25 10:38:18.291  INFO 16213 --- [restartedMain] o.hibernate.jpa.internal.util.LogHelper  : HHH000204: Processing PersistenceUnitInfo [name: default]
2021-04-25 10:38:18.334  INFO 16213 --- [restartedMain] org.hibernate.Version                    : HHH000412: Hibernate ORM core version 5.4.30.Final
2021-04-25 10:38:18.432  INFO 16213 --- [restartedMain] o.hibernate.annotations.common.Version   : HCANN000001: Hibernate Commons Annotations {5.1.2.Final}
2021-04-25 10:38:18.491  INFO 16213 --- [restartedMain] org.hibernate.dialect.Dialect            : HHH000400: Using dialect: org.hibernate.dialect.H2Dialect
2021-04-25 10:38:18.805  INFO 16213 --- [restartedMain] o.h.e.t.j.p.i.JtaPlatformInitiator       : HHH000490: Using JtaPlatform implementation: [org.hibernate.engine.transaction.jta.platform.internal.NoJtaPlatform]
2021-04-25 10:38:18.811  INFO 16213 --- [restartedMain] j.LocalContainerEntityManagerFactoryBean : Initialized JPA EntityManagerFactory for persistence unit 'default'
2021-04-25 10:38:18.839  INFO 16213 --- [restartedMain] o.s.b.d.a.OptionalLiveReloadServer       : LiveReload server is running on port 35729
2021-04-25 10:38:19.211  WARN 16213 --- [restartedMain] JpaBaseConfiguration$JpaWebConfiguration : spring.jpa.open-in-view is enabled by default. Therefore, database queries may be performed during view rendering. Explicitly configure spring.jpa.open-in-view to disable this warning
2021-04-25 10:38:19.379  INFO 16213 --- [restartedMain] o.s.b.a.e.web.EndpointLinksResolver      : Exposing 15 endpoint(s) beneath base path '/actuator'
2021-04-25 10:38:19.491  INFO 16213 --- [restartedMain] o.s.s.concurrent.ThreadPoolTaskExecutor  : Initializing ExecutorService 'applicationTaskExecutor'
2021-04-25 10:38:19.658  INFO 16213 --- [restartedMain] o.s.s.c.ThreadPoolTaskScheduler          : Initializing ExecutorService 'taskScheduler'
2021-04-25 10:38:19.706  INFO 16213 --- [restartedMain] o.s.b.w.embedded.tomcat.TomcatWebServer  : Tomcat started on port(s): 8080 (http) with context path ''
2021-04-25 10:38:19.707  INFO 16213 --- [restartedMain] d.s.w.p.DocumentationPluginsBootstrapper : Context refreshed
2021-04-25 10:38:19.715  INFO 16213 --- [restartedMain] d.s.w.p.DocumentationPluginsBootstrapper : Found 1 custom documentation plugin(s)
2021-04-25 10:38:19.723  INFO 16213 --- [restartedMain] s.d.s.w.s.ApiListingReferenceScanner     : Scanning for api listing references
2021-04-25 10:38:19.855  INFO 16213 --- [restartedMain] com.spiet.sendmail.SendmailApplication   : Started SendmailApplication in 4.178 seconds (JVM running for 5.07)
2021-04-25 10:38:28.955  INFO 16213 --- [RMI TCP Connection(3)-127.0.0.1] o.a.c.c.C.[Tomcat].[localhost].[/]       : Initializing Spring DispatcherServlet 'dispatcherServlet'
2021-04-25 10:38:28.956  INFO 16213 --- [RMI TCP Connection(3)-127.0.0.1] o.s.web.servlet.DispatcherServlet        : Initializing Servlet 'dispatcherServlet'
2021-04-25 10:38:28.958  INFO 16213 --- [RMI TCP Connection(3)-127.0.0.1] o.s.web.servlet.DispatcherServlet        : Completed initialization in 2 ms
2021-04-25 10:39:19.811  INFO 16213 --- [http-nio-8080-exec-4] c.s.sendmail.resources.UserController    :  Criando um usuário: Teste1
2021-04-25 10:40:00.648  INFO 16213 --- [http-nio-8080-exec-6] c.s.sendmail.resources.UserController    : Listando usuarios
2021-04-25 10:40:21.215  INFO 16213 --- [http-nio-8080-exec-9] c.s.sendmail.resources.UserController    : Listando usuarios
2021-04-25 10:40:38.194  INFO 16213 --- [http-nio-8080-exec-10] c.s.sendmail.resources.UserController    :  Criando um usuário: Teste2
2021-04-25 10:40:46.946  INFO 16213 --- [http-nio-8080-exec-1] c.s.sendmail.resources.UserController    :  Criando um usuário: Teste3
2021-04-25 10:40:55.877  INFO 16213 --- [http-nio-8080-exec-3] c.s.sendmail.resources.UserController    : Listando usuarios
2021-04-25 10:41:46.209  INFO 16213 --- [http-nio-8080-exec-2] c.s.sendmail.resources.UserController    : Listando usuarios
2021-04-25 10:41:56.929  INFO 16213 --- [http-nio-8080-exec-5] c.s.sendmail.resources.UserController    : Listando usuarios
2021-04-25 10:42:00.703  INFO 16213 --- [http-nio-8080-exec-6] c.s.sendmail.resources.UserController    : Listando usuarios
2021-04-25 10:42:19.086  INFO 16213 --- [http-nio-8080-exec-7] c.s.sendmail.resources.UserController    : Listando usuarios
2021-04-25 10:42:36.366  INFO 16213 --- [SpringContextShutdownHook] o.s.s.c.ThreadPoolTaskScheduler          : Shutting down ExecutorService 'taskScheduler'
2021-04-25 10:42:36.388  INFO 16213 --- [SpringContextShutdownHook] o.s.s.concurrent.ThreadPoolTaskExecutor  : Shutting down ExecutorService 'applicationTaskExecutor'
2021-04-25 10:42:36.396  INFO 16213 --- [SpringContextShutdownHook] j.LocalContainerEntityManagerFactoryBean : Closing JPA EntityManagerFactory for persistence unit 'default'
2021-04-25 10:42:36.402  INFO 16213 --- [SpringContextShutdownHook] .SchemaDropperImpl$DelayedDropActionImpl : HHH000477: Starting delayed evictData of schema as part of SessionFactory shut-down'
2021-04-25 10:42:36.658  WARN 16213 --- [SpringContextShutdownHook] o.s.b.f.support.DisposableBeanAdapter    : Invocation of destroy method failed on bean with name 'inMemoryDatabaseShutdownExecutor': org.h2.jdbc.JdbcSQLNonTransientConnectionException: Database is already closed (to disable automatic closing at VM shutdown, add ";DB_CLOSE_ON_EXIT=FALSE" to the db URL) [90121-200]
2021-04-25 10:42:36.659  INFO 16213 --- [SpringContextShutdownHook] com.zaxxer.hikari.HikariDataSource       : HikariPool-1 - Shutdown initiated...
2021-04-25 10:42:36.670  INFO 16213 --- [SpringContextShutdownHook] com.zaxxer.hikari.HikariDataSource       : HikariPool-1 - Shutdown completed.
